<?xml version="1.0" encoding="UTF-8"?>
<!-- Generated by org.testng.reporters.JUnitXMLReporter -->
<testsuite ignored="0" hostname="Freds-MBP.home" failures="0" tests="2" name="Error Validations Test" time="20.223" errors="0" timestamp="2024-12-02T11:45:46 EST">
  <testcase classname="AutomatedProject.Tests.ErrorValidationsTest" name="LoginErrorValidation" time="0.877"/>
  <testcase classname="AutomatedProject.Tests.ErrorValidationsTest" name="ProductErrorValidation" time="3.494"/>
</testsuite> <!-- Error Validations Test -->
