<?xml version="1.0" encoding="UTF-8"?>
<!-- Generated by org.testng.reporters.JUnitXMLReporter -->
<testsuite ignored="0" hostname="Freds-MBP.home" failures="0" tests="2" name="Error Validations Test" time="26.905" errors="0" timestamp="2024-12-02T17:22:52 EST">
  <testcase classname="AutomatedProject.Tests.ErrorValidationsTest" name="LoginErrorValidation" time="1.088"/>
  <testcase classname="AutomatedProject.Tests.ErrorValidationsTest" name="ProductErrorValidation" time="4.062"/>
</testsuite> <!-- Error Validations Test -->
