<?xml version="1.0" encoding="UTF-8"?>
<!-- Generated by org.testng.reporters.JUnitXMLReporter -->
<testsuite ignored="0" hostname="Freds-MBP.home" failures="0" tests="2" name="Error Validations Test" time="25.592" errors="0" timestamp="2024-11-27T15:09:48 EST">
  <testcase classname="AutomatedProject.Tests.ErrorValidationsTest" name="LoginErrorValidation" time="1.169"/>
  <testcase classname="AutomatedProject.Tests.ErrorValidationsTest" name="ProductErrorValidation" time="3.535"/>
</testsuite> <!-- Error Validations Test -->
