<?xml version="1.0" encoding="UTF-8"?>
<testng-results ignored="0" total="4" passed="4" failed="0" skipped="0">
  <reporter-output>
  </reporter-output>
  <suite started-at="2024-11-27T15:09:22 EST" name="Suite" finished-at="2024-11-27T15:09:54 EST" duration-ms="31612">
    <groups>
    </groups>
    <test started-at="2024-11-27T15:09:22 EST" name="Error Validations Test" finished-at="2024-11-27T15:09:48 EST" duration-ms="25592">
      <class name="AutomatedProject.Tests.ErrorValidationsTest">
        <test-method is-config="true" signature="launchApplication()[pri:0, instance:AutomatedProject.Tests.ErrorValidationsTest@793f29ff]" started-at="2024-11-27T15:09:22 EST" name="launchApplication" finished-at="2024-11-27T15:09:35 EST" duration-ms="13238" status="PASS">
          <reporter-output>
          </reporter-output>
        </test-method> <!-- launchApplication -->
        <test-method signature="LoginErrorValidation()[pri:0, instance:AutomatedProject.Tests.ErrorValidationsTest@793f29ff]" started-at="2024-11-27T15:09:35 EST" name="LoginErrorValidation" finished-at="2024-11-27T15:09:37 EST" duration-ms="1169" status="PASS">
          <reporter-output>
          </reporter-output>
        </test-method> <!-- LoginErrorValidation -->
        <test-method is-config="true" signature="tearDown()[pri:0, instance:AutomatedProject.Tests.ErrorValidationsTest@793f29ff]" started-at="2024-11-27T15:09:37 EST" name="tearDown" finished-at="2024-11-27T15:09:37 EST" duration-ms="155" status="PASS">
          <reporter-output>
          </reporter-output>
        </test-method> <!-- tearDown -->
        <test-method is-config="true" signature="launchApplication()[pri:0, instance:AutomatedProject.Tests.ErrorValidationsTest@793f29ff]" started-at="2024-11-27T15:09:37 EST" name="launchApplication" finished-at="2024-11-27T15:09:44 EST" duration-ms="7294" status="PASS">
          <reporter-output>
          </reporter-output>
        </test-method> <!-- launchApplication -->
        <test-method signature="ProductErrorValidation()[pri:0, instance:AutomatedProject.Tests.ErrorValidationsTest@793f29ff]" started-at="2024-11-27T15:09:44 EST" name="ProductErrorValidation" finished-at="2024-11-27T15:09:48 EST" duration-ms="3535" status="PASS">
          <reporter-output>
          </reporter-output>
        </test-method> <!-- ProductErrorValidation -->
        <test-method is-config="true" signature="tearDown()[pri:0, instance:AutomatedProject.Tests.ErrorValidationsTest@793f29ff]" started-at="2024-11-27T15:09:48 EST" name="tearDown" finished-at="2024-11-27T15:09:48 EST" duration-ms="158" status="PASS">
          <reporter-output>
          </reporter-output>
        </test-method> <!-- tearDown -->
      </class> <!-- AutomatedProject.Tests.ErrorValidationsTest -->
    </test> <!-- Error Validations Test -->
    <test started-at="2024-11-27T15:09:22 EST" name="Submit Order Test" finished-at="2024-11-27T15:09:54 EST" duration-ms="31612">
      <class name="AutomatedProject.Tests.SubmitOrderTest">
        <test-method is-config="true" signature="launchApplication()[pri:0, instance:AutomatedProject.Tests.SubmitOrderTest@71a8adcf]" started-at="2024-11-27T15:09:22 EST" name="launchApplication" finished-at="2024-11-27T15:09:35 EST" duration-ms="13324" status="PASS">
          <reporter-output>
          </reporter-output>
        </test-method> <!-- launchApplication -->
        <test-method signature="submitOrder()[pri:0, instance:AutomatedProject.Tests.SubmitOrderTest@71a8adcf]" started-at="2024-11-27T15:09:35 EST" name="submitOrder" finished-at="2024-11-27T15:09:41 EST" duration-ms="5928" status="PASS">
          <reporter-output>
          </reporter-output>
        </test-method> <!-- submitOrder -->
        <test-method is-config="true" signature="tearDown()[pri:0, instance:AutomatedProject.Tests.SubmitOrderTest@71a8adcf]" started-at="2024-11-27T15:09:41 EST" name="tearDown" finished-at="2024-11-27T15:09:41 EST" duration-ms="140" status="PASS">
          <reporter-output>
          </reporter-output>
        </test-method> <!-- tearDown -->
        <test-method is-config="true" signature="launchApplication()[pri:0, instance:AutomatedProject.Tests.SubmitOrderTest@71a8adcf]" started-at="2024-11-27T15:09:42 EST" name="launchApplication" finished-at="2024-11-27T15:09:50 EST" duration-ms="8032" status="PASS">
          <reporter-output>
          </reporter-output>
        </test-method> <!-- launchApplication -->
        <test-method signature="OrderHistoryTest()[pri:0, instance:AutomatedProject.Tests.SubmitOrderTest@71a8adcf]" started-at="2024-11-27T15:09:50 EST" name="OrderHistoryTest" finished-at="2024-11-27T15:09:54 EST" depends-on-methods="AutomatedProject.Tests.SubmitOrderTest.submitOrder" duration-ms="3968" status="PASS">
          <reporter-output>
          </reporter-output>
        </test-method> <!-- OrderHistoryTest -->
        <test-method is-config="true" signature="tearDown()[pri:0, instance:AutomatedProject.Tests.SubmitOrderTest@71a8adcf]" started-at="2024-11-27T15:09:54 EST" name="tearDown" finished-at="2024-11-27T15:09:54 EST" duration-ms="172" status="PASS">
          <reporter-output>
          </reporter-output>
        </test-method> <!-- tearDown -->
      </class> <!-- AutomatedProject.Tests.SubmitOrderTest -->
    </test> <!-- Submit Order Test -->
  </suite> <!-- Suite -->
</testng-results>
