<?xml version="1.0" encoding="UTF-8"?>
<testng-results ignored="0" total="4" passed="4" failed="0" skipped="0">
  <reporter-output>
  </reporter-output>
  <suite started-at="2024-12-02T17:22:25 EST" name="Suite" finished-at="2024-12-02T17:22:52 EST" duration-ms="27013">
    <groups>
    </groups>
    <test started-at="2024-12-02T17:22:25 EST" name="Error Validations Test" finished-at="2024-12-02T17:22:52 EST" duration-ms="26905">
      <class name="AutomatedProject.Tests.ErrorValidationsTest">
        <test-method is-config="true" signature="launchApplication()[pri:0, instance:AutomatedProject.Tests.ErrorValidationsTest@7bba5817]" started-at="2024-12-02T17:22:25 EST" name="launchApplication" finished-at="2024-12-02T17:22:34 EST" duration-ms="8659" status="PASS">
          <reporter-output>
          </reporter-output>
        </test-method> <!-- launchApplication -->
        <test-method signature="LoginErrorValidation()[pri:0, instance:AutomatedProject.Tests.ErrorValidationsTest@7bba5817]" started-at="2024-12-02T17:22:34 EST" name="LoginErrorValidation" finished-at="2024-12-02T17:22:35 EST" duration-ms="1088" status="PASS">
          <reporter-output>
          </reporter-output>
        </test-method> <!-- LoginErrorValidation -->
        <test-method is-config="true" signature="tearDown()[pri:0, instance:AutomatedProject.Tests.ErrorValidationsTest@7bba5817]" started-at="2024-12-02T17:22:35 EST" name="tearDown" finished-at="2024-12-02T17:22:35 EST" duration-ms="155" status="PASS">
          <reporter-output>
          </reporter-output>
        </test-method> <!-- tearDown -->
        <test-method is-config="true" signature="launchApplication()[pri:0, instance:AutomatedProject.Tests.ErrorValidationsTest@7bba5817]" started-at="2024-12-02T17:22:35 EST" name="launchApplication" finished-at="2024-12-02T17:22:48 EST" duration-ms="12749" status="PASS">
          <reporter-output>
          </reporter-output>
        </test-method> <!-- launchApplication -->
        <test-method signature="ProductErrorValidation()[pri:0, instance:AutomatedProject.Tests.ErrorValidationsTest@7bba5817]" started-at="2024-12-02T17:22:48 EST" name="ProductErrorValidation" finished-at="2024-12-02T17:22:52 EST" duration-ms="4062" status="PASS">
          <reporter-output>
          </reporter-output>
        </test-method> <!-- ProductErrorValidation -->
        <test-method is-config="true" signature="tearDown()[pri:0, instance:AutomatedProject.Tests.ErrorValidationsTest@7bba5817]" started-at="2024-12-02T17:22:52 EST" name="tearDown" finished-at="2024-12-02T17:22:52 EST" duration-ms="153" status="PASS">
          <reporter-output>
          </reporter-output>
        </test-method> <!-- tearDown -->
      </class> <!-- AutomatedProject.Tests.ErrorValidationsTest -->
    </test> <!-- Error Validations Test -->
    <test started-at="2024-12-02T17:22:25 EST" name="Submit Order Test" finished-at="2024-12-02T17:22:52 EST" duration-ms="27013">
      <class name="AutomatedProject.Tests.SubmitOrderTest">
        <test-method is-config="true" signature="launchApplication()[pri:0, instance:AutomatedProject.Tests.SubmitOrderTest@72e5a8e]" started-at="2024-12-02T17:22:25 EST" name="launchApplication" finished-at="2024-12-02T17:22:34 EST" duration-ms="8949" status="PASS">
          <reporter-output>
          </reporter-output>
        </test-method> <!-- launchApplication -->
        <test-method signature="submitOrder(java.util.HashMap)[pri:0, instance:AutomatedProject.Tests.SubmitOrderTest@72e5a8e]" started-at="2024-12-02T17:22:34 EST" name="submitOrder" data-provider="getData" finished-at="2024-12-02T17:22:40 EST" duration-ms="5889" status="PASS">
          <params>
            <param index="0">
              <value>
                <![CDATA[{password=Esther!00, email=ffiii1@aol.com}]]>
              </value>
            </param>
          </params>
          <reporter-output>
          </reporter-output>
        </test-method> <!-- submitOrder -->
        <test-method is-config="true" signature="tearDown()[pri:0, instance:AutomatedProject.Tests.SubmitOrderTest@72e5a8e]" started-at="2024-12-02T17:22:40 EST" name="tearDown" finished-at="2024-12-02T17:22:40 EST" duration-ms="147" status="PASS">
          <reporter-output>
          </reporter-output>
        </test-method> <!-- tearDown -->
        <test-method is-config="true" signature="launchApplication()[pri:0, instance:AutomatedProject.Tests.SubmitOrderTest@72e5a8e]" started-at="2024-12-02T17:22:40 EST" name="launchApplication" finished-at="2024-12-02T17:22:47 EST" duration-ms="6918" status="PASS">
          <reporter-output>
          </reporter-output>
        </test-method> <!-- launchApplication -->
        <test-method signature="OrderHistoryTest(java.util.HashMap)[pri:0, instance:AutomatedProject.Tests.SubmitOrderTest@72e5a8e]" started-at="2024-12-02T17:22:47 EST" name="OrderHistoryTest" data-provider="getData" finished-at="2024-12-02T17:22:52 EST" depends-on-methods="AutomatedProject.Tests.SubmitOrderTest.submitOrder" duration-ms="4777" status="PASS">
          <params>
            <param index="0">
              <value>
                <![CDATA[{password=Esther!00, email=ffiii1@aol.com}]]>
              </value>
            </param>
          </params>
          <reporter-output>
          </reporter-output>
        </test-method> <!-- OrderHistoryTest -->
        <test-method is-config="true" signature="tearDown()[pri:0, instance:AutomatedProject.Tests.SubmitOrderTest@72e5a8e]" started-at="2024-12-02T17:22:52 EST" name="tearDown" finished-at="2024-12-02T17:22:52 EST" duration-ms="131" status="PASS">
          <reporter-output>
          </reporter-output>
        </test-method> <!-- tearDown -->
      </class> <!-- AutomatedProject.Tests.SubmitOrderTest -->
    </test> <!-- Submit Order Test -->
  </suite> <!-- Suite -->
</testng-results>
