<?xml version="1.0" encoding="UTF-8"?>
<testng-results ignored="0" total="4" passed="4" failed="0" skipped="0">
  <reporter-output>
  </reporter-output>
  <suite started-at="2024-11-26T17:37:38 EST" name="Suite" finished-at="2024-11-26T17:38:06 EST" duration-ms="27994">
    <groups>
    </groups>
    <test started-at="2024-11-26T17:37:38 EST" name="Error Validations Test" finished-at="2024-11-26T17:38:00 EST" duration-ms="21895">
      <class name="AutomatedProject.Tests.ErrorValidationsTest">
        <test-method is-config="true" signature="launchApplication()[pri:0, instance:AutomatedProject.Tests.ErrorValidationsTest@793f29ff]" started-at="2024-11-26T17:37:38 EST" name="launchApplication" finished-at="2024-11-26T17:37:42 EST" duration-ms="4477" status="PASS">
          <reporter-output>
          </reporter-output>
        </test-method> <!-- launchApplication -->
        <test-method signature="LoginErrorValidation()[pri:0, instance:AutomatedProject.Tests.ErrorValidationsTest@793f29ff]" started-at="2024-11-26T17:37:42 EST" name="LoginErrorValidation" finished-at="2024-11-26T17:37:48 EST" duration-ms="5739" status="PASS">
          <reporter-output>
          </reporter-output>
        </test-method> <!-- LoginErrorValidation -->
        <test-method is-config="true" signature="tearDown()[pri:0, instance:AutomatedProject.Tests.ErrorValidationsTest@793f29ff]" started-at="2024-11-26T17:37:48 EST" name="tearDown" finished-at="2024-11-26T17:37:48 EST" duration-ms="198" status="PASS">
          <reporter-output>
          </reporter-output>
        </test-method> <!-- tearDown -->
        <test-method is-config="true" signature="launchApplication()[pri:0, instance:AutomatedProject.Tests.ErrorValidationsTest@793f29ff]" started-at="2024-11-26T17:37:48 EST" name="launchApplication" finished-at="2024-11-26T17:37:56 EST" duration-ms="7629" status="PASS">
          <reporter-output>
          </reporter-output>
        </test-method> <!-- launchApplication -->
        <test-method signature="ProductErrorValidation()[pri:0, instance:AutomatedProject.Tests.ErrorValidationsTest@793f29ff]" started-at="2024-11-26T17:37:56 EST" name="ProductErrorValidation" finished-at="2024-11-26T17:38:00 EST" duration-ms="3721" status="PASS">
          <reporter-output>
          </reporter-output>
        </test-method> <!-- ProductErrorValidation -->
        <test-method is-config="true" signature="tearDown()[pri:0, instance:AutomatedProject.Tests.ErrorValidationsTest@793f29ff]" started-at="2024-11-26T17:38:00 EST" name="tearDown" finished-at="2024-11-26T17:38:00 EST" duration-ms="80" status="PASS">
          <reporter-output>
          </reporter-output>
        </test-method> <!-- tearDown -->
      </class> <!-- AutomatedProject.Tests.ErrorValidationsTest -->
    </test> <!-- Error Validations Test -->
    <test started-at="2024-11-26T17:37:38 EST" name="Submit Order Test" finished-at="2024-11-26T17:38:06 EST" duration-ms="27994">
      <class name="AutomatedProject.Tests.SubmitOrderTest">
        <test-method is-config="true" signature="launchApplication()[pri:0, instance:AutomatedProject.Tests.SubmitOrderTest@71a8adcf]" started-at="2024-11-26T17:37:38 EST" name="launchApplication" finished-at="2024-11-26T17:37:47 EST" duration-ms="9135" status="PASS">
          <reporter-output>
          </reporter-output>
        </test-method> <!-- launchApplication -->
        <test-method signature="submitOrder()[pri:0, instance:AutomatedProject.Tests.SubmitOrderTest@71a8adcf]" started-at="2024-11-26T17:37:47 EST" name="submitOrder" finished-at="2024-11-26T17:37:53 EST" duration-ms="6408" status="PASS">
          <reporter-output>
          </reporter-output>
        </test-method> <!-- submitOrder -->
        <test-method is-config="true" signature="tearDown()[pri:0, instance:AutomatedProject.Tests.SubmitOrderTest@71a8adcf]" started-at="2024-11-26T17:37:53 EST" name="tearDown" finished-at="2024-11-26T17:37:53 EST" duration-ms="156" status="PASS">
          <reporter-output>
          </reporter-output>
        </test-method> <!-- tearDown -->
        <test-method is-config="true" signature="launchApplication()[pri:0, instance:AutomatedProject.Tests.SubmitOrderTest@71a8adcf]" started-at="2024-11-26T17:37:53 EST" name="launchApplication" finished-at="2024-11-26T17:37:57 EST" duration-ms="3174" status="PASS">
          <reporter-output>
          </reporter-output>
        </test-method> <!-- launchApplication -->
        <test-method signature="OrderHistoryTest()[pri:0, instance:AutomatedProject.Tests.SubmitOrderTest@71a8adcf]" started-at="2024-11-26T17:37:57 EST" name="OrderHistoryTest" finished-at="2024-11-26T17:38:06 EST" depends-on-methods="AutomatedProject.Tests.SubmitOrderTest.submitOrder" duration-ms="8935" status="PASS">
          <reporter-output>
          </reporter-output>
        </test-method> <!-- OrderHistoryTest -->
        <test-method is-config="true" signature="tearDown()[pri:0, instance:AutomatedProject.Tests.SubmitOrderTest@71a8adcf]" started-at="2024-11-26T17:38:06 EST" name="tearDown" finished-at="2024-11-26T17:38:06 EST" duration-ms="150" status="PASS">
          <reporter-output>
          </reporter-output>
        </test-method> <!-- tearDown -->
      </class> <!-- AutomatedProject.Tests.SubmitOrderTest -->
    </test> <!-- Submit Order Test -->
  </suite> <!-- Suite -->
</testng-results>
