<?xml version="1.0" encoding="UTF-8"?>
<testsuite xmlns:xsi="http://www.w3.org/2001/XMLSchema-instance" xsi:noNamespaceSchemaLocation="https://maven.apache.org/surefire/maven-surefire-plugin/xsd/surefire-test-report.xsd" version="3.0.2" name="TestSuite" time="30.854" tests="4" errors="0" skipped="1" failures="2">
  <properties>
[...]
</properties>
  <testcase name="LoginErrorValidation" classname="AutomatedProject.Tests.ErrorValidationsTest" time="0.967">
    <system-err><![CDATA[SLF4J: Failed to load class "org.slf4j.impl.StaticLoggerBinder".
SLF4J: Defaulting to no-operation (NOP) logger implementation
SLF4J: See http://www.slf4j.org/codes.html#StaticLoggerBinder for further details.
]]></system-err>
  </testcase>
  <testcase name="ProductErrorValidation" classname="AutomatedProject.Tests.ErrorValidationsTest" time="2.5">
    <failure message="Element &lt;button class=&quot;btn btn-custom&quot;&gt; is not clickable at point (1438,26) because another element &lt;div class=&quot;ngx-spinner-overlay ng-tns-c31-1 ng-trigger ng-trigger-fadeIn ng-star-inserted&quot;&gt; obscures it&#10;Build info: version: &apos;4.25.0&apos;, revision: &apos;8a8aea2337&apos;&#10;System info: os.name: &apos;Mac OS X&apos;, os.arch: &apos;x86_64&apos;, os.version: &apos;13.7.1&apos;, java.version: &apos;21.0.3&apos;&#10;Driver info: org.openqa.selenium.firefox.FirefoxDriver&#10;Command: [adac069d-7462-4955-b07d-f4c8be0e9299, clickElement {id=4f28b763-f346-4265-bda6-6e750da8ec01}]&#10;Capabilities {acceptInsecureCerts: true, browserName: firefox, browserVersion: 128.0, moz:accessibilityChecks: false, moz:buildID: 20240704121409, moz:debuggerAddress: 127.0.0.1:6788, moz:geckodriverVersion: 0.34.0, moz:headless: false, moz:platformVersion: 22.6.0, moz:processID: 24710, moz:profile: /var/folders/sm/yw_v6jg1053..., moz:shutdownTimeout: 60000, moz:webdriverClick: true, moz:windowless: false, pageLoadStrategy: normal, platformName: mac, proxy: Proxy(), se:cdp: ws://127.0.0.1:6788/devtool..., se:cdpVersion: 85.0, setWindowRect: true, strictFileInteractability: false, timeouts: {implicit: 0, pageLoad: 300000, script: 30000}, unhandledPromptBehavior: dismiss and notify, userAgent: Mozilla/5.0 (Macintosh; Int...}&#10;Element: [[FirefoxDriver: firefox on mac (adac069d-7462-4955-b07d-f4c8be0e9299)] -&gt; css selector: [routerlink*=&apos;cart&apos;]]&#10;Session ID: adac069d-7462-4955-b07d-f4c8be0e9299" type="org.openqa.selenium.ElementClickInterceptedException"><![CDATA[org.openqa.selenium.ElementClickInterceptedException: 
Element <button class="btn btn-custom"> is not clickable at point (1438,26) because another element <div class="ngx-spinner-overlay ng-tns-c31-1 ng-trigger ng-trigger-fadeIn ng-star-inserted"> obscures it
Build info: version: '4.25.0', revision: '8a8aea2337'
System info: os.name: 'Mac OS X', os.arch: 'x86_64', os.version: '13.7.1', java.version: '21.0.3'
Driver info: org.openqa.selenium.firefox.FirefoxDriver
Command: [adac069d-7462-4955-b07d-f4c8be0e9299, clickElement {id=4f28b763-f346-4265-bda6-6e750da8ec01}]
Capabilities {acceptInsecureCerts: true, browserName: firefox, browserVersion: 128.0, moz:accessibilityChecks: false, moz:buildID: 20240704121409, moz:debuggerAddress: 127.0.0.1:6788, moz:geckodriverVersion: 0.34.0, moz:headless: false, moz:platformVersion: 22.6.0, moz:processID: 24710, moz:profile: /var/folders/sm/yw_v6jg1053..., moz:shutdownTimeout: 60000, moz:webdriverClick: true, moz:windowless: false, pageLoadStrategy: normal, platformName: mac, proxy: Proxy(), se:cdp: ws://127.0.0.1:6788/devtool..., se:cdpVersion: 85.0, setWindowRect: true, strictFileInteractability: false, timeouts: {implicit: 0, pageLoad: 300000, script: 30000}, unhandledPromptBehavior: dismiss and notify, userAgent: Mozilla/5.0 (Macintosh; Int...}
Element: [[FirefoxDriver: firefox on mac (adac069d-7462-4955-b07d-f4c8be0e9299)] -> css selector: [routerlink*='cart']]
Session ID: adac069d-7462-4955-b07d-f4c8be0e9299
	at java.base/jdk.internal.reflect.DirectConstructorHandleAccessor.newInstance(DirectConstructorHandleAccessor.java:62)
	at java.base/java.lang.reflect.Constructor.newInstanceWithCaller(Constructor.java:502)
	at java.base/java.lang.reflect.Constructor.newInstance(Constructor.java:486)
	at org.openqa.selenium.remote.ErrorCodec.decode(ErrorCodec.java:167)
	at org.openqa.selenium.remote.codec.w3c.W3CHttpResponseCodec.decode(W3CHttpResponseCodec.java:138)
	at org.openqa.selenium.remote.codec.w3c.W3CHttpResponseCodec.decode(W3CHttpResponseCodec.java:50)
	at org.openqa.selenium.remote.HttpCommandExecutor.execute(HttpCommandExecutor.java:190)
	at org.openqa.selenium.remote.service.DriverCommandExecutor.invokeExecute(DriverCommandExecutor.java:216)
	at org.openqa.selenium.remote.service.DriverCommandExecutor.execute(DriverCommandExecutor.java:174)
	at org.openqa.selenium.remote.RemoteWebDriver.execute(RemoteWebDriver.java:545)
	at org.openqa.selenium.remote.RemoteWebElement.execute(RemoteWebElement.java:223)
	at org.openqa.selenium.remote.RemoteWebElement.click(RemoteWebElement.java:76)
	at java.base/jdk.internal.reflect.DirectMethodHandleAccessor.invoke(DirectMethodHandleAccessor.java:103)
	at java.base/java.lang.reflect.Method.invoke(Method.java:580)
	at org.openqa.selenium.support.pagefactory.internal.LocatingElementHandler.invoke(LocatingElementHandler.java:51)
	at jdk.proxy2/jdk.proxy2.$Proxy13.click(Unknown Source)
	at AutomatedProject.AbstractComponents.AbstractComponent.goToCartPage(AbstractComponent.java:55)
	at AutomatedProject.Tests.ErrorValidationsTest.ProductErrorValidation(ErrorValidationsTest.java:32)
	at java.base/jdk.internal.reflect.DirectMethodHandleAccessor.invoke(DirectMethodHandleAccessor.java:103)
	at java.base/java.lang.reflect.Method.invoke(Method.java:580)
	at org.testng.internal.invokers.MethodInvocationHelper.invokeMethod(MethodInvocationHelper.java:141)
	at org.testng.internal.invokers.TestInvoker.invokeMethod(TestInvoker.java:686)
	at org.testng.internal.invokers.TestInvoker.invokeTestMethod(TestInvoker.java:230)
	at org.testng.internal.invokers.MethodRunner.runInSequence(MethodRunner.java:63)
	at org.testng.internal.invokers.TestInvoker$MethodInvocationAgent.invoke(TestInvoker.java:992)
	at org.testng.internal.invokers.TestInvoker.invokeTestMethods(TestInvoker.java:203)
	at org.testng.internal.invokers.TestMethodWorker.invokeTestMethods(TestMethodWorker.java:154)
	at org.testng.internal.invokers.TestMethodWorker.run(TestMethodWorker.java:134)
	at java.base/java.util.ArrayList.forEach(ArrayList.java:1596)
	at org.testng.TestRunner.privateRun(TestRunner.java:739)
	at org.testng.TestRunner.run(TestRunner.java:614)
	at org.testng.SuiteRunner.runTest(SuiteRunner.java:421)
	at org.testng.SuiteRunner$SuiteWorker.run(SuiteRunner.java:463)
	at org.testng.internal.thread.ThreadUtil.lambda$execute$0(ThreadUtil.java:64)
	at java.base/java.util.concurrent.FutureTask.run(FutureTask.java:317)
	at java.base/java.util.concurrent.ThreadPoolExecutor.runWorker(ThreadPoolExecutor.java:1144)
	at java.base/java.util.concurrent.ThreadPoolExecutor$Worker.run(ThreadPoolExecutor.java:642)
	at java.base/java.lang.Thread.run(Thread.java:1583)
]]></failure>
  </testcase>
  <testcase name="submitOrder[{password=Esther!00, email=ffiii1@aol.com}](1)" classname="AutomatedProject.Tests.SubmitOrderTest" time="2.786">
    <failure message="Element &lt;button class=&quot;btn btn-custom&quot;&gt; is not clickable at point (1438,26) because another element &lt;div class=&quot;ngx-spinner-overlay ng-tns-c31-1 ng-trigger ng-trigger-fadeIn ng-star-inserted&quot;&gt; obscures it&#10;Build info: version: &apos;4.25.0&apos;, revision: &apos;8a8aea2337&apos;&#10;System info: os.name: &apos;Mac OS X&apos;, os.arch: &apos;x86_64&apos;, os.version: &apos;13.7.1&apos;, java.version: &apos;21.0.3&apos;&#10;Driver info: org.openqa.selenium.firefox.FirefoxDriver&#10;Command: [60ca9bfa-2170-4da8-9dac-e45c78b2fc96, clickElement {id=d8b1e55c-4dfe-40b6-82c1-58c1cd17feeb}]&#10;Capabilities {acceptInsecureCerts: true, browserName: firefox, browserVersion: 128.0, moz:accessibilityChecks: false, moz:buildID: 20240704121409, moz:debuggerAddress: 127.0.0.1:21392, moz:geckodriverVersion: 0.34.0, moz:headless: false, moz:platformVersion: 22.6.0, moz:processID: 24688, moz:profile: /var/folders/sm/yw_v6jg1053..., moz:shutdownTimeout: 60000, moz:webdriverClick: true, moz:windowless: false, pageLoadStrategy: normal, platformName: mac, proxy: Proxy(), se:cdp: ws://127.0.0.1:21392/devtoo..., se:cdpVersion: 85.0, setWindowRect: true, strictFileInteractability: false, timeouts: {implicit: 0, pageLoad: 300000, script: 30000}, unhandledPromptBehavior: dismiss and notify, userAgent: Mozilla/5.0 (Macintosh; Int...}&#10;Element: [[FirefoxDriver: firefox on mac (60ca9bfa-2170-4da8-9dac-e45c78b2fc96)] -&gt; css selector: [routerlink*=&apos;cart&apos;]]&#10;Session ID: 60ca9bfa-2170-4da8-9dac-e45c78b2fc96" type="org.openqa.selenium.ElementClickInterceptedException"><![CDATA[org.openqa.selenium.ElementClickInterceptedException: 
Element <button class="btn btn-custom"> is not clickable at point (1438,26) because another element <div class="ngx-spinner-overlay ng-tns-c31-1 ng-trigger ng-trigger-fadeIn ng-star-inserted"> obscures it
Build info: version: '4.25.0', revision: '8a8aea2337'
System info: os.name: 'Mac OS X', os.arch: 'x86_64', os.version: '13.7.1', java.version: '21.0.3'
Driver info: org.openqa.selenium.firefox.FirefoxDriver
Command: [60ca9bfa-2170-4da8-9dac-e45c78b2fc96, clickElement {id=d8b1e55c-4dfe-40b6-82c1-58c1cd17feeb}]
Capabilities {acceptInsecureCerts: true, browserName: firefox, browserVersion: 128.0, moz:accessibilityChecks: false, moz:buildID: 20240704121409, moz:debuggerAddress: 127.0.0.1:21392, moz:geckodriverVersion: 0.34.0, moz:headless: false, moz:platformVersion: 22.6.0, moz:processID: 24688, moz:profile: /var/folders/sm/yw_v6jg1053..., moz:shutdownTimeout: 60000, moz:webdriverClick: true, moz:windowless: false, pageLoadStrategy: normal, platformName: mac, proxy: Proxy(), se:cdp: ws://127.0.0.1:21392/devtoo..., se:cdpVersion: 85.0, setWindowRect: true, strictFileInteractability: false, timeouts: {implicit: 0, pageLoad: 300000, script: 30000}, unhandledPromptBehavior: dismiss and notify, userAgent: Mozilla/5.0 (Macintosh; Int...}
Element: [[FirefoxDriver: firefox on mac (60ca9bfa-2170-4da8-9dac-e45c78b2fc96)] -> css selector: [routerlink*='cart']]
Session ID: 60ca9bfa-2170-4da8-9dac-e45c78b2fc96
	at java.base/jdk.internal.reflect.DirectConstructorHandleAccessor.newInstance(DirectConstructorHandleAccessor.java:62)
	at java.base/java.lang.reflect.Constructor.newInstanceWithCaller(Constructor.java:502)
	at java.base/java.lang.reflect.Constructor.newInstance(Constructor.java:486)
	at org.openqa.selenium.remote.ErrorCodec.decode(ErrorCodec.java:167)
	at org.openqa.selenium.remote.codec.w3c.W3CHttpResponseCodec.decode(W3CHttpResponseCodec.java:138)
	at org.openqa.selenium.remote.codec.w3c.W3CHttpResponseCodec.decode(W3CHttpResponseCodec.java:50)
	at org.openqa.selenium.remote.HttpCommandExecutor.execute(HttpCommandExecutor.java:190)
	at org.openqa.selenium.remote.service.DriverCommandExecutor.invokeExecute(DriverCommandExecutor.java:216)
	at org.openqa.selenium.remote.service.DriverCommandExecutor.execute(DriverCommandExecutor.java:174)
	at org.openqa.selenium.remote.RemoteWebDriver.execute(RemoteWebDriver.java:545)
	at org.openqa.selenium.remote.RemoteWebElement.execute(RemoteWebElement.java:223)
	at org.openqa.selenium.remote.RemoteWebElement.click(RemoteWebElement.java:76)
	at java.base/jdk.internal.reflect.DirectMethodHandleAccessor.invoke(DirectMethodHandleAccessor.java:103)
	at java.base/java.lang.reflect.Method.invoke(Method.java:580)
	at org.openqa.selenium.support.pagefactory.internal.LocatingElementHandler.invoke(LocatingElementHandler.java:51)
	at jdk.proxy2/jdk.proxy2.$Proxy13.click(Unknown Source)
	at AutomatedProject.AbstractComponents.AbstractComponent.goToCartPage(AbstractComponent.java:55)
	at AutomatedProject.Tests.SubmitOrderTest.submitOrder(SubmitOrderTest.java:30)
	at java.base/jdk.internal.reflect.DirectMethodHandleAccessor.invoke(DirectMethodHandleAccessor.java:103)
	at java.base/java.lang.reflect.Method.invoke(Method.java:580)
	at org.testng.internal.invokers.MethodInvocationHelper.invokeMethod(MethodInvocationHelper.java:141)
	at org.testng.internal.invokers.TestInvoker.invokeMethod(TestInvoker.java:686)
	at org.testng.internal.invokers.TestInvoker.invokeTestMethod(TestInvoker.java:230)
	at org.testng.internal.invokers.MethodRunner.runInSequence(MethodRunner.java:63)
	at org.testng.internal.invokers.TestInvoker$MethodInvocationAgent.invoke(TestInvoker.java:992)
	at org.testng.internal.invokers.TestInvoker.invokeTestMethods(TestInvoker.java:203)
	at org.testng.internal.invokers.TestMethodWorker.invokeTestMethods(TestMethodWorker.java:154)
	at org.testng.internal.invokers.TestMethodWorker.run(TestMethodWorker.java:134)
	at java.base/java.util.ArrayList.forEach(ArrayList.java:1596)
	at org.testng.TestRunner.privateRun(TestRunner.java:739)
	at org.testng.TestRunner.run(TestRunner.java:614)
	at org.testng.SuiteRunner.runTest(SuiteRunner.java:421)
	at org.testng.SuiteRunner$SuiteWorker.run(SuiteRunner.java:463)
	at org.testng.internal.thread.ThreadUtil.lambda$execute$0(ThreadUtil.java:64)
	at java.base/java.util.concurrent.FutureTask.run(FutureTask.java:317)
	at java.base/java.util.concurrent.ThreadPoolExecutor.runWorker(ThreadPoolExecutor.java:1144)
	at java.base/java.util.concurrent.ThreadPoolExecutor$Worker.run(ThreadPoolExecutor.java:642)
	at java.base/java.lang.Thread.run(Thread.java:1583)
]]></failure>
  </testcase>
  <testcase name="OrderHistoryTest" classname="AutomatedProject.Tests.SubmitOrderTest" time="0.0">
    <skipped message="Method AutomatedProject.Tests.SubmitOrderTest.OrderHistoryTest() on instance AutomatedProject.Tests.SubmitOrderTest@72e5a8e depends on not successfully finished methods &#10;[AutomatedProject.Tests.SubmitOrderTest.submitOrder() on instance AutomatedProject.Tests.SubmitOrderTest@72e5a8e]"/>
  </testcase>
</testsuite>