<?xml version="1.0" encoding="UTF-8"?>
<testng-results ignored="0" total="4" passed="4" failed="0" skipped="0">
  <reporter-output>
  </reporter-output>
  <suite started-at="2024-12-10T11:27:25 EST" name="Suite" finished-at="2024-12-10T11:27:56 EST" duration-ms="30986">
    <groups>
    </groups>
    <test started-at="2024-12-10T11:27:25 EST" name="Error Validations Test" finished-at="2024-12-10T11:27:50 EST" duration-ms="25270">
      <class name="AutomatedProject.Tests.ErrorValidationsTest">
        <test-method is-config="true" signature="launchApplication()[pri:0, instance:AutomatedProject.Tests.ErrorValidationsTest@7bba5817]" started-at="2024-12-10T11:27:25 EST" name="launchApplication" finished-at="2024-12-10T11:27:39 EST" duration-ms="13336" status="PASS">
          <reporter-output>
          </reporter-output>
        </test-method> <!-- launchApplication -->
        <test-method signature="LoginErrorValidation()[pri:0, instance:AutomatedProject.Tests.ErrorValidationsTest@7bba5817]" started-at="2024-12-10T11:27:39 EST" name="LoginErrorValidation" finished-at="2024-12-10T11:27:40 EST" duration-ms="1137" status="PASS">
          <reporter-output>
          </reporter-output>
        </test-method> <!-- LoginErrorValidation -->
        <test-method is-config="true" signature="tearDown()[pri:0, instance:AutomatedProject.Tests.ErrorValidationsTest@7bba5817]" started-at="2024-12-10T11:27:40 EST" name="tearDown" finished-at="2024-12-10T11:27:40 EST" duration-ms="104" status="PASS">
          <reporter-output>
          </reporter-output>
        </test-method> <!-- tearDown -->
        <test-method is-config="true" signature="launchApplication()[pri:0, instance:AutomatedProject.Tests.ErrorValidationsTest@7bba5817]" started-at="2024-12-10T11:27:40 EST" name="launchApplication" finished-at="2024-12-10T11:27:47 EST" duration-ms="6739" status="PASS">
          <reporter-output>
          </reporter-output>
        </test-method> <!-- launchApplication -->
        <test-method signature="ProductErrorValidation()[pri:0, instance:AutomatedProject.Tests.ErrorValidationsTest@7bba5817]" started-at="2024-12-10T11:27:47 EST" name="ProductErrorValidation" finished-at="2024-12-10T11:27:50 EST" duration-ms="3759" status="PASS">
          <reporter-output>
          </reporter-output>
        </test-method> <!-- ProductErrorValidation -->
        <test-method is-config="true" signature="tearDown()[pri:0, instance:AutomatedProject.Tests.ErrorValidationsTest@7bba5817]" started-at="2024-12-10T11:27:50 EST" name="tearDown" finished-at="2024-12-10T11:27:50 EST" duration-ms="143" status="PASS">
          <reporter-output>
          </reporter-output>
        </test-method> <!-- tearDown -->
      </class> <!-- AutomatedProject.Tests.ErrorValidationsTest -->
    </test> <!-- Error Validations Test -->
    <test started-at="2024-12-10T11:27:25 EST" name="Submit Order Test" finished-at="2024-12-10T11:27:56 EST" duration-ms="30986">
      <class name="AutomatedProject.Tests.SubmitOrderTest">
        <test-method is-config="true" signature="launchApplication()[pri:0, instance:AutomatedProject.Tests.SubmitOrderTest@72e5a8e]" started-at="2024-12-10T11:27:25 EST" name="launchApplication" finished-at="2024-12-10T11:27:39 EST" duration-ms="13385" status="PASS">
          <reporter-output>
          </reporter-output>
        </test-method> <!-- launchApplication -->
        <test-method signature="submitOrder(java.util.HashMap)[pri:0, instance:AutomatedProject.Tests.SubmitOrderTest@72e5a8e]" started-at="2024-12-10T11:27:39 EST" name="submitOrder" data-provider="getData" finished-at="2024-12-10T11:27:45 EST" duration-ms="6027" status="PASS">
          <params>
            <param index="0">
              <value>
                <![CDATA[{password=Esther!00, email=ffiii1@aol.com}]]>
              </value>
            </param>
          </params>
          <reporter-output>
          </reporter-output>
        </test-method> <!-- submitOrder -->
        <test-method is-config="true" signature="tearDown()[pri:0, instance:AutomatedProject.Tests.SubmitOrderTest@72e5a8e]" started-at="2024-12-10T11:27:45 EST" name="tearDown" finished-at="2024-12-10T11:27:45 EST" duration-ms="186" status="PASS">
          <reporter-output>
          </reporter-output>
        </test-method> <!-- tearDown -->
        <test-method is-config="true" signature="launchApplication()[pri:0, instance:AutomatedProject.Tests.SubmitOrderTest@72e5a8e]" started-at="2024-12-10T11:27:45 EST" name="launchApplication" finished-at="2024-12-10T11:27:52 EST" duration-ms="6886" status="PASS">
          <reporter-output>
          </reporter-output>
        </test-method> <!-- launchApplication -->
        <test-method signature="OrderHistoryTest(java.util.HashMap)[pri:0, instance:AutomatedProject.Tests.SubmitOrderTest@72e5a8e]" started-at="2024-12-10T11:27:52 EST" name="OrderHistoryTest" data-provider="getData" finished-at="2024-12-10T11:27:56 EST" depends-on-methods="AutomatedProject.Tests.SubmitOrderTest.submitOrder" duration-ms="4046" status="PASS">
          <params>
            <param index="0">
              <value>
                <![CDATA[{password=Esther!00, email=ffiii1@aol.com}]]>
              </value>
            </param>
          </params>
          <reporter-output>
          </reporter-output>
        </test-method> <!-- OrderHistoryTest -->
        <test-method is-config="true" signature="tearDown()[pri:0, instance:AutomatedProject.Tests.SubmitOrderTest@72e5a8e]" started-at="2024-12-10T11:27:56 EST" name="tearDown" finished-at="2024-12-10T11:27:56 EST" duration-ms="151" status="PASS">
          <reporter-output>
          </reporter-output>
        </test-method> <!-- tearDown -->
      </class> <!-- AutomatedProject.Tests.SubmitOrderTest -->
    </test> <!-- Submit Order Test -->
  </suite> <!-- Suite -->
</testng-results>
