<?xml version="1.0" encoding="UTF-8"?>
<testng-results ignored="0" total="2" passed="2" failed="0" skipped="0">
  <reporter-output>
  </reporter-output>
  <suite started-at="2024-12-02T16:31:19 EST" name="Default suite" finished-at="2024-12-02T16:31:45 EST" duration-ms="26484">
    <groups>
    </groups>
    <test started-at="2024-12-02T16:31:19 EST" name="Default test" finished-at="2024-12-02T16:31:45 EST" duration-ms="26484">
      <class name="AutomatedProject.Tests.SubmitOrderTest">
        <test-method is-config="true" signature="launchApplication()[pri:0, instance:AutomatedProject.Tests.SubmitOrderTest@53ce1329]" started-at="2024-12-02T16:31:19 EST" name="launchApplication" finished-at="2024-12-02T16:31:27 EST" duration-ms="8173" status="PASS">
          <reporter-output>
          </reporter-output>
        </test-method> <!-- launchApplication -->
        <test-method signature="submitOrder(java.util.HashMap)[pri:0, instance:AutomatedProject.Tests.SubmitOrderTest@53ce1329]" started-at="2024-12-02T16:31:27 EST" name="submitOrder" data-provider="getData" finished-at="2024-12-02T16:31:33 EST" duration-ms="6376" status="PASS">
          <params>
            <param index="0">
              <value>
                <![CDATA[{password=Esther!00, email=ffiii1@aol.com}]]>
              </value>
            </param>
          </params>
          <reporter-output>
          </reporter-output>
        </test-method> <!-- submitOrder -->
        <test-method is-config="true" signature="tearDown()[pri:0, instance:AutomatedProject.Tests.SubmitOrderTest@53ce1329]" started-at="2024-12-02T16:31:33 EST" name="tearDown" finished-at="2024-12-02T16:31:34 EST" duration-ms="199" status="PASS">
          <reporter-output>
          </reporter-output>
        </test-method> <!-- tearDown -->
        <test-method is-config="true" signature="launchApplication()[pri:0, instance:AutomatedProject.Tests.SubmitOrderTest@53ce1329]" started-at="2024-12-02T16:31:34 EST" name="launchApplication" finished-at="2024-12-02T16:31:41 EST" duration-ms="7354" status="PASS">
          <reporter-output>
          </reporter-output>
        </test-method> <!-- launchApplication -->
        <test-method signature="OrderHistoryTest(java.util.HashMap)[pri:0, instance:AutomatedProject.Tests.SubmitOrderTest@53ce1329]" started-at="2024-12-02T16:31:41 EST" name="OrderHistoryTest" data-provider="getData" finished-at="2024-12-02T16:31:45 EST" depends-on-methods="AutomatedProject.Tests.SubmitOrderTest.submitOrder" duration-ms="4023" status="PASS">
          <params>
            <param index="0">
              <value>
                <![CDATA[{password=Esther!00, email=ffiii1@aol.com}]]>
              </value>
            </param>
          </params>
          <reporter-output>
          </reporter-output>
        </test-method> <!-- OrderHistoryTest -->
        <test-method is-config="true" signature="tearDown()[pri:0, instance:AutomatedProject.Tests.SubmitOrderTest@53ce1329]" started-at="2024-12-02T16:31:45 EST" name="tearDown" finished-at="2024-12-02T16:31:45 EST" duration-ms="128" status="PASS">
          <reporter-output>
          </reporter-output>
        </test-method> <!-- tearDown -->
      </class> <!-- AutomatedProject.Tests.SubmitOrderTest -->
    </test> <!-- Default test -->
  </suite> <!-- Default suite -->
</testng-results>
